Charm++> No provisioning arguments specified. Running with a single PE.
         Use +auto-provision to fully subscribe resources or +p1 to silence this message.
Charm++: standalone mode (not using charmrun)
Charm++> Running in Multicore mode: 1 threads (PEs)
Charm++> Using recursive bisection (scheme 3) for topology aware partitions
Converse/Charm++ Commit ID: v6.10.2-0-g7bf00fa-namd-charm-6.10.2-build-2020-Aug-05-556
Warning> Randomization of virtual memory (ASLR) is turned on in the kernel, thread migration may not work! Run 'echo 0 > /proc/sys/kernel/randomize_va_space' as root to disable it, or try running with '+isomalloc_sync'.
CharmLB> Load balancer assumes all CPUs are same.
Charm++> Running on 1 hosts (1 sockets x 16 cores x 1 PUs = 24-way SMP)
Charm++> cpu topology info is gathered in 0.001 seconds.
Info: NAMD 2.14 for Linux-x86_64-multicore
Info: 
Info: Please visit http://www.ks.uiuc.edu/Research/namd/
Info: for updates, documentation, and support information.
Info: 
Info: Please cite Phillips et al., J. Chem. Phys. 153:044130 (2020) doi:10.1063/5.0014475
Info: in all publications reporting results obtained with NAMD.
Info: 
Info: Based on Charm++/Converse 61002 for multicore-linux-x86_64-iccstatic
Info: Built Mon Aug 24 10:08:36 CDT 2020 by jim on belfast.ks.uiuc.edu
Info: 1 NAMD  2.14  Linux-x86_64-multicore  1    linux  jcliu
Info: Running on 1 processors, 1 nodes, 1 physical nodes.
Info: CPU topology information available.
Info: Charm++/Converse parallel runtime startup completed at 0.00336772 s
CkLoopLib is used in SMP with simple dynamic scheduling (converse-level notification)
Info: 31.0312 MB of memory in use based on /proc/self/stat
Info: Configuration file is 3wu2_PSII_S2DW_SW_rep1.conf
Info: Working in the current directory /localdata/jcliu/PSII/S2toS3/S2toS3/MD
TCL: Suspending until startup complete.
Info: EXTENDED SYSTEM FILE   3wu2_PSII_S2DW_eq5.restart.xsc
Info: SIMULATION PARAMETERS:
Info: TIMESTEP               2
Info: NUMBER OF STEPS        0
Info: STEPS PER CYCLE        10
Info: PERIODIC CELL BASIS 1  143.067 0 0
Info: PERIODIC CELL BASIS 2  0 139.366 0
Info: PERIODIC CELL BASIS 3  0 0 146.673
Info: PERIODIC CELL CENTER   -0.9 39.3 -20.2
Info: WRAPPING ALL CLUSTERS AROUND PERIODIC BOUNDARIES ON OUTPUT.
Info: LOAD BALANCER  Centralized
Info: LOAD BALANCING STRATEGY  New Load Balancers -- DEFAULT
Info: LDB PERIOD             2000 steps
Info: FIRST LDB TIMESTEP     50
Info: LAST LDB TIMESTEP     -1
Info: LDB BACKGROUND SCALING 1
Info: HOM BACKGROUND SCALING 1
Info: PME BACKGROUND SCALING 1
Info: MIN ATOMS PER PATCH    40
Info: INITIAL TEMPERATURE    300
Info: CENTER OF MASS MOVING INITIALLY? NO
Info: DIELECTRIC             1
Info: EXCLUDE                SCALED ONE-FOUR
Info: 1-4 ELECTROSTATICS SCALED BY 1
Info: MODIFIED 1-4 VDW PARAMETERS WILL BE USED
Info: DCD FILENAME           3wu2_PSII_S2DW_SW_rep1.dcd
Info: DCD FREQUENCY          500
Info: DCD FIRST STEP         500
Info: DCD FILE WILL CONTAIN UNIT CELL DATA
Info: XST FILENAME           3wu2_PSII_S2DW_SW_rep1.xst
Info: XST FREQUENCY          500
Info: NO VELOCITY DCD OUTPUT
Info: NO FORCE DCD OUTPUT
Info: OUTPUT FILENAME        3wu2_PSII_S2DW_SW_rep1
Info: BINARY OUTPUT FILES WILL BE USED
Info: RESTART FILENAME       3wu2_PSII_S2DW_SW_rep1.restart
Info: RESTART FREQUENCY      500
Info: BINARY RESTART FILES WILL BE USED
Info: SWITCHING ACTIVE
Info: VDW FORCE SWITCHING ACTIVE
Info: SWITCHING ON           10
Info: SWITCHING OFF          12
Info: PAIRLIST DISTANCE      13.5
Info: PAIRLIST SHRINK RATE   0.01
Info: PAIRLIST GROW RATE     0.01
Info: PAIRLIST TRIGGER       0.3
Info: PAIRLISTS PER CYCLE    2
Info: PAIRLISTS ENABLED
Info: MARGIN                 4
Info: HYDROGEN GROUP CUTOFF  2.5
Info: PATCH DIMENSION        20
Info: ENERGY OUTPUT STEPS    500
Info: CROSSTERM ENERGY INCLUDED IN DIHEDRAL
Info: TIMING OUTPUT STEPS    5000
Info: PRESSURE OUTPUT STEPS  500
Info: LANGEVIN DYNAMICS ACTIVE
Info: LANGEVIN TEMPERATURE   300
Info: LANGEVIN USING BBK INTEGRATOR
Info: LANGEVIN DAMPING COEFFICIENT IS 1 INVERSE PS
Info: LANGEVIN DYNAMICS APPLIED TO HYDROGENS
Info: LANGEVIN PISTON PRESSURE CONTROL ACTIVE
Info:        TARGET PRESSURE IS 1.01325 BAR
Info:     OSCILLATION PERIOD IS 300 FS
Info:             DECAY TIME IS 150 FS
Info:     PISTON TEMPERATURE IS 300 K
Info:       PRESSURE CONTROL IS GROUP-BASED
Info:    INITIAL STRAIN RATE IS -8.80392e-06 -1.59194e-06 -1.5916e-05
Info:       CELL FLUCTUATION IS ANISOTROPIC
Info: PARTICLE MESH EWALD (PME) ACTIVE
Info: PME TOLERANCE               1e-06
Info: PME EWALD COEFFICIENT       0.257952
Info: PME INTERPOLATION ORDER     4
Info: PME GRID DIMENSIONS         144 144 160
Info: PME MAXIMUM GRID SPACING    1
Info: Attempting to read FFTW data from FFTW_NAMD_2.14_Linux-x86_64-multicore.txt
Info: Optimizing 6 FFT steps.  1... 2... 3... 4... 5... 6...   Done.
Info: Writing FFTW data to FFTW_NAMD_2.14_Linux-x86_64-multicore.txt
Info: FULL ELECTROSTATIC EVALUATION FREQUENCY      2
Info: USING VERLET I (r-RESPA) MTS SCHEME.
Info: C1 SPLITTING OF LONG RANGE ELECTROSTATICS
Info: PLACING ATOMS IN PATCHES BY HYDROGEN GROUPS
Info: RIGID BONDS TO HYDROGEN : ALL
Info:         ERROR TOLERANCE : 1e-08
Info:          MAX ITERATIONS : 100
Info: RIGID WATER USING SETTLE ALGORITHM
Info: RANDOM NUMBER SEED     1698270047
Info: USE HYDROGEN BONDS?    NO
Info: COORDINATE PDB         3wu2_PSII_S2DW_EQed.pdb
Info: STRUCTURE FILE         3wu2_PSII_S2DW.psf
Info: PARAMETER file: CHARMM format! 
Info: PARAMETERS             toppar/NBFIX.str
Info: PARAMETERS             toppar/par_all36_cgenff.prm
Info: PARAMETERS             toppar/par_all36m_prot.prm
Info: PARAMETERS             toppar/par_all36_carb.prm
Info: PARAMETERS             toppar/par_all36_lipid.prm
Info: PARAMETERS             toppar/par_all36_na.prm
Info: PARAMETERS             toppar/toppar_all36_carb_imlab.str
Info: PARAMETERS             toppar/par_all36_carb_glycopeptide.prm
Info: PARAMETERS             toppar/toppar_all36_carb_glycolipid.str
Info: PARAMETERS             toppar/par_all36_lipid_sphingo.str
Info: PARAMETERS             toppar/toppar_water_ions_modified.prm
Info: PARAMETERS             toppar/toppar_all36_prot_heme.str
Info: PARAMETERS             toppar/toppar_all36_prot_modify_res.str
Info: PARAMETERS             toppar/toppar_all36_PSII_CLA.prm
Info: PARAMETERS             toppar/toppar_all36_PSII_PHO.prm
Info: PARAMETERS             toppar/toppar_all36_PSII_PL9.prm
Info: PARAMETERS             toppar/toppar_iron_heme.prm
Info: PARAMETERS             toppar/toppar_all36_na_rna_modified.str
Info: PARAMETERS             toppar/toppar_PSII_OEC.prm
Info: PARAMETERS             toppar/toppar_PSII_S2DW_OEC.prm
Info: USING ARITHMETIC MEAN TO COMBINE L-J SIGMA PARAMETERS
Info: SKIPPING rtf SECTION IN STREAM FILE
Info: SKIPPING rtf SECTION IN STREAM FILE
Warning: IDENTICAL PERIODICITY! REPLACING OLD VALUES BY: 
  k=0.3  n=3  delta=180
Info: SKIPPING rtf SECTION IN STREAM FILE
Info: SKIPPING rtf SECTION IN STREAM FILE

Warning: DUPLICATE DIHEDRAL ENTRY FOR CG321-NG2S1-C-CT1
PREVIOUS VALUES MULTIPLICITY: 1
  k=2.5  n=2  delta=180
INCREASING MULTIPLICITY TO: 2
  k=1.6  n=1  delta=0

Warning: DUPLICATE DIHEDRAL ENTRY FOR HGA2-CG321-NG2S1-C
PREVIOUS VALUES MULTIPLICITY: 1
  k=0.1  n=3  delta=0
Warning: IDENTICAL PERIODICITY! REPLACING OLD VALUES BY: 
  k=0  n=3  delta=0
Info: SKIPPING rtf SECTION IN STREAM FILE

Warning: DUPLICATE ANGLE ENTRY FOR CC3153-CC321-OC30P
PREVIOUS VALUES  k=75.7  theta0=107.5 k_ub=0 r_ub=0
   USING VALUES  k=75.7  theta0=110.1 k_ub=0 r_ub=0

Warning: DUPLICATE DIHEDRAL ENTRY FOR CC3153-CC321-OC30P-PC
PREVIOUS VALUES MULTIPLICITY: 1
  k=0.02  n=3  delta=180
INCREASING MULTIPLICITY TO: 2
  k=0.6  n=1  delta=180
Warning: IDENTICAL PERIODICITY! REPLACING OLD VALUES BY: 
  k=0.05  n=3  delta=0

Warning: DUPLICATE DIHEDRAL ENTRY FOR CC321-OC30P-PC-OC2DP
PREVIOUS VALUES MULTIPLICITY: 1
  k=0.33  n=3  delta=0
Warning: IDENTICAL PERIODICITY! REPLACING OLD VALUES BY: 
  k=0.1  n=3  delta=0

Warning: DUPLICATE DIHEDRAL ENTRY FOR OC3C51-CC3153-CC321-OC30P
PREVIOUS VALUES MULTIPLICITY: 3
  k=0.06  n=1  delta=0
Warning: IDENTICAL PERIODICITY! REPLACING OLD VALUES BY: 
  k=3.4  n=1  delta=180

Warning: DUPLICATE DIHEDRAL ENTRY FOR HCA1-CC3153-CC321-OC30P
PREVIOUS VALUES MULTIPLICITY: 1
  k=0  n=6  delta=180
INCREASING MULTIPLICITY TO: 2
  k=0.195  n=3  delta=0

Warning: DUPLICATE DIHEDRAL ENTRY FOR OC30P-CC321-CC3153-CC3151
PREVIOUS VALUES MULTIPLICITY: 1
  k=0.43  n=3  delta=0
INCREASING MULTIPLICITY TO: 2
  k=2.5  n=1  delta=180

Warning: DUPLICATE DIHEDRAL ENTRY FOR OC30P-CC321-CC3153-CC3151
PREVIOUS VALUES MULTIPLICITY: 2
  k=0.43  n=3  delta=0
  k=2.5  n=1  delta=180
INCREASING MULTIPLICITY TO: 3
  k=0.4  n=2  delta=0

Warning: DUPLICATE DIHEDRAL ENTRY FOR OC30P-CC321-CC3153-CC3151
PREVIOUS VALUES MULTIPLICITY: 3
  k=0.43  n=3  delta=0
Warning: IDENTICAL PERIODICITY! REPLACING OLD VALUES BY: 
  k=0.8  n=3  delta=180

Warning: DUPLICATE DIHEDRAL ENTRY FOR OC30P-CC321-CC3153-CC3151
PREVIOUS VALUES MULTIPLICITY: 3
  k=0.8  n=3  delta=180
  k=2.5  n=1  delta=180
  k=0.4  n=2  delta=0
INCREASING MULTIPLICITY TO: 4
  k=0.2  n=4  delta=180

Warning: DUPLICATE DIHEDRAL ENTRY FOR HCA2-CC321-OC30P-PC
PREVIOUS VALUES MULTIPLICITY: 1
  k=0.284  n=3  delta=0
Warning: IDENTICAL PERIODICITY! REPLACING OLD VALUES BY: 
  k=0  n=3  delta=0
Info: SUMMARY OF PARAMETERS:
Info: 1376 BONDS
Info: 4500 ANGLES
Info: 11762 DIHEDRAL
Info: 421 IMPROPER
Info: 20 CROSSTERM
Info: 508 VDW
Info: 26 VDW_PAIRS
Info: 0 NBTHOLE_PAIRS
Warning: Ignored 1 angles with zero force constants.
Warning: Ignored 1554 bonds with zero force constants.
Warning: Will get H-H distance in rigid H2O from H-O-H angle.
Info: TIME FOR READING PSF FILE: 12.053
Info: READING EXTRA BONDS FILE S2DW_restrain.in
Info: READ 2 EXTRA BONDS
Info: Reading pdb file 3wu2_PSII_S2DW_EQed.pdb
Info: TIME FOR READING PDB FILE: 0.146864
Info: 
Info: ****************************
Info: STRUCTURE SUMMARY:
Info: 301699 ATOMS
Info: 238702 BONDS
Info: 272501 ANGLES
Info: 304339 DIHEDRALS
Info: 9175 IMPROPERS
Info: 2610 CROSSTERMS
Info: 0 EXCLUSIONS
Info: 251791 RIGID BONDS
Info: 653306 DEGREES OF FREEDOM
Info: 113362 HYDROGEN GROUPS
Info: 4 ATOMS IN LARGEST HYDROGEN GROUP
Info: 113362 MIGRATION GROUPS
Info: 4 ATOMS IN LARGEST MIGRATION GROUP
Info: TOTAL MASS = 1.86185e+06 amu
Info: TOTAL CHARGE = 4.11302e-05 e
Info: MASS DENSITY = 1.0572 g/cm^3
Info: ATOM DENSITY = 0.103164 atoms/A^3
Info: *****************************
Info: 
Info: Entering startup at 12.4753 s, 127.93 MB of memory in use
Info: Startup phase 0 took 0.000193761 s, 127.93 MB of memory in use
Info: ADDED 810423 IMPLICIT EXCLUSIONS
Info: Startup phase 1 took 0.0734789 s, 211.855 MB of memory in use
Info: NONBONDED TABLE R-SQUARED SPACING: 0.0625
Info: NONBONDED TABLE SIZE: 769 POINTS
Info: ABSOLUTE IMPRECISION IN FAST TABLE FORCE: 2.64698e-23 AT 11.9138
Info: RELATIVE IMPRECISION IN FAST TABLE FORCE: 1.40436e-16 AT 11.9138
Info: INCONSISTENCY IN FAST TABLE ENERGY VS FORCE: 0.000325096 AT 11.9556
Info: ABSOLUTE IMPRECISION IN SCOR TABLE FORCE: 4.10282e-22 AT 11.9138
Info: RELATIVE IMPRECISION IN SCOR TABLE FORCE: 3.56912e-15 AT 11.9138
Info: INCONSISTENCY IN SCOR TABLE ENERGY VS FORCE: 0.000324844 AT 11.9556
Info: ABSOLUTE IMPRECISION IN VDWA TABLE ENERGY: 9.86076e-32 AT 11.8295
Info: RELATIVE IMPRECISION IN VDWA TABLE ENERGY: 3.37915e-14 AT 11.9138
Info: ABSOLUTE IMPRECISION IN VDWA TABLE FORCE: 1.38667e-32 AT 11.9138
Info: RELATIVE IMPRECISION IN VDWA TABLE FORCE: 1.51174e-15 AT 11.9138
Info: INCONSISTENCY IN VDWA TABLE ENERGY VS FORCE: 0.0040507 AT 0.251946
Info: ABSOLUTE IMPRECISION IN VDWB TABLE ENERGY: 1.03398e-25 AT 11.8295
Info: RELATIVE IMPRECISION IN VDWB TABLE ENERGY: 2.7691e-14 AT 11.9138
Info: ABSOLUTE IMPRECISION IN VDWB TABLE FORCE: 1.61559e-27 AT 11.9138
Info: RELATIVE IMPRECISION IN VDWB TABLE FORCE: 1.496e-16 AT 11.9138
Info: INCONSISTENCY IN VDWB TABLE ENERGY VS FORCE: 0.00150189 AT 0.251946
Info: Startup phase 2 took 0.00123873 s, 211.855 MB of memory in use
Info: Startup phase 3 took 1.4015e-05 s, 211.855 MB of memory in use
Info: Startup phase 4 took 0.00175848 s, 211.855 MB of memory in use
Info: Startup phase 5 took 3.2141e-05 s, 211.855 MB of memory in use
Info: PATCH GRID IS 7 (PERIODIC) BY 6 (PERIODIC) BY 7 (PERIODIC)
Info: PATCH GRID IS 1-AWAY BY 1-AWAY BY 1-AWAY
Info: REMOVING COM VELOCITY 0.00362384 -0.00545969 -0.000423243
Info: LARGEST PATCH (235) HAS 1116 ATOMS
Info: TORUS A SIZE 1 USING 0
Info: TORUS B SIZE 1 USING 0
Info: TORUS C SIZE 1 USING 0
Info: TORUS MINIMAL MESH SIZE IS 1 BY 1 BY 1
Info: Placed 100% of base nodes on same physical node as patch
Info: Startup phase 6 took 0.0406934 s, 274.242 MB of memory in use
Info: PME using 1 and 1 processors for FFT and reciprocal sum.
Info: PME GRID LOCATIONS: 0
Info: PME TRANS LOCATIONS: 0
Info: PME USING 1 GRID NODES AND 1 TRANS NODES
Info: Optimizing 4 FFT steps.  1... 2... 3... 4...   Done.
Info: Startup phase 7 took 0.00474489 s, 287.055 MB of memory in use
Info: Startup phase 8 took 2.1076e-05 s, 287.055 MB of memory in use
Info: Startup phase 9 took 8.573e-06 s, 287.055 MB of memory in use
Info: Startup phase 10 took 6.08e-06 s, 287.055 MB of memory in use
Info: Startup phase 11 took 7.875e-06 s, 287.055 MB of memory in use
LDB: Central LB being created...
Info: Startup phase 12 took 5.2217e-05 s, 287.055 MB of memory in use
Info: CREATING 5885 COMPUTE OBJECTS
Info: Startup phase 13 took 0.00795883 s, 287.055 MB of memory in use
Info: Startup phase 14 took 1.7804e-05 s, 287.055 MB of memory in use
Info: Startup phase 15 took 0.00189839 s, 320.711 MB of memory in use
Info: Finished startup at 12.6074 s, 320.711 MB of memory in use

TCL: Running for 250000 steps
PRESSURE: 0 -12.6801 -61.105 -58.8669 -61.105 -70.7214 -48.5566 -58.8669 -48.5566 -46.9518
GPRESSURE: 0 -3.31018 -5.38691 -85.3725 -89.5987 -60.6294 -38.3314 -20.4421 -40.6004 3.92354
ETITLE:      TS           BOND          ANGLE          DIHED          IMPRP               ELECT            VDW       BOUNDARY           MISC        KINETIC               TOTAL           TEMP      POTENTIAL         TOTAL3        TEMPAVG            PRESSURE      GPRESSURE         VOLUME       PRESSAVG      GPRESSAVG

ENERGY:       0     18201.9439     62243.3723     57676.6256      1972.1548        -823220.2969     34824.6639         0.0000         0.0000    195261.3187        -453040.2178       300.8084   -648301.5364   -451803.0489       300.8084            -43.4511       -20.0053   2924458.4878       -43.4511       -20.0053

OPENING EXTENDED SYSTEM TRAJECTORY FILE
LDB: ============= START OF LOAD BALANCING ============== 22.7635
LDB: ============== END OF LOAD BALANCING =============== 22.7636
LDB: =============== DONE WITH MIGRATION ================ 22.7637
LDB: ============= START OF LOAD BALANCING ============== 61.8637
LDB: ============== END OF LOAD BALANCING =============== 61.8637
LDB: =============== DONE WITH MIGRATION ================ 61.8639
Info: Initial time: 1 CPUs 0.978741 s/step 5.66401 days/ns 1023.29 MB memory
LDB: ============= START OF LOAD BALANCING ============== 71.6627
LDB: ============== END OF LOAD BALANCING =============== 71.6627
LDB: =============== DONE WITH MIGRATION ================ 71.6629
LDB: ============= START OF LOAD BALANCING ============== 110.308
LDB: ============== END OF LOAD BALANCING =============== 110.309
LDB: =============== DONE WITH MIGRATION ================ 110.309
Info: Initial time: 1 CPUs 0.967799 s/step 5.60069 days/ns 1031.91 MB memory
LDB: ============= START OF LOAD BALANCING ============== 158.383
LDB: ============== END OF LOAD BALANCING =============== 158.383
LDB: =============== DONE WITH MIGRATION ================ 158.383
Info: Initial time: 1 CPUs 0.962137 s/step 5.56792 days/ns 1037.29 MB memory
LDB: ============= START OF LOAD BALANCING ============== 206.531
LDB: ============== END OF LOAD BALANCING =============== 206.531
LDB: =============== DONE WITH MIGRATION ================ 206.532
Info: Benchmark time: 1 CPUs 0.962064 s/step 5.5675 days/ns 1041.18 MB memory
